<?xml version="1.0" encoding="UTF-8"?>
<!-- Generated by org.testng.reporters.JUnitReportReporter -->
<testsuite hostname="DESKTOP-2HEMEHO" failures="0" tests="1" name="Test.BrokenImage" time="119.650" errors="0" timestamp="2022-07-25T22:02:38 IST" skipped="0">
  <testcase classname="Test.BrokenImage" name="test" time="119.650"/>
  <system-out/>
</testsuite> <!-- Test.BrokenImage -->
