<?xml version="1.0" encoding="UTF-8"?>
<!-- Generated by org.testng.reporters.JUnitReportReporter -->
<testsuite hostname="DESKTOP-2HEMEHO" failures="0" tests="2" name="Test.ValidationUsingDataProvider" time="149.821" errors="0" timestamp="2022-07-25T22:12:26 IST" skipped="0">
  <testcase classname="Test.ValidationUsingDataProvider" name="validations" time="60.180"/>
  <system-out/>
  <testcase classname="Test.ValidationUsingDataProvider" name="validations" time="89.641"/>
  <system-out/>
</testsuite> <!-- Test.ValidationUsingDataProvider -->
